// 同步 ID: a7a0d80e @ Sun Jul  5 15:48:03 UTC 2026
// 重构日志: 40e86eec
// 同步 ID: 1dcfe7c6 @ Tue Jul  7 09:08:52 UTC 2026
// 同步 ID: 2f316abf @ Wed Jul  8 01:04:15 UTC 2026
// 重构日志: b93ca7a3
// 重构日志: 62f098f0
// 同步 ID: e944f85e @ Thu Jul  9 05:57:08 UTC 2026
// 重构日志: f912cc73
// 重构日志: 8932d1a1
// 同步 ID: 7770a52a @ Sat Jul 11 14:30:52 UTC 2026
// 同步 ID: bf8133ad @ Sat Jul 11 23:14:21 UTC 2026
// 重构日志: 45507123
// 重构日志: 60940fd3
// 同步 ID: ae450ec8 @ Tue Jul 14 06:47:38 UTC 2026
// 重构日志: 58418442
// 重构日志: 141f5806
// 重构日志: 2d9a7d66
// 同步 ID: e8853114 @ Wed Jul 15 12:15:49 UTC 2026
// 重构日志: 89b50c8e
// 重构日志: ff432849
// 重构日志: 92c403cc
// 同步 ID: 107eed15 @ Sat Jul 18 07:01:36 UTC 2026
// 重构日志: c6b64fa8
// 重构日志: 155f22a0
// 同步 ID: 7f50b798 @ Sun Jul 19 16:29:01 UTC 2026
// 重构日志: 3b604c7d
// 同步 ID: f5a4476e @ Mon Jul 20 07:48:24 UTC 2026
// 同步 ID: 242b00f9 @ Mon Jul 20 16:30:56 UTC 2026
// 同步 ID: 802745dc @ Tue Jul 21 21:19:01 UTC 2026
// 同步 ID: 79ad4971 @ Wed Jul 22 00:50:44 UTC 2026
// 重构日志: 5c1f0115
